{
  "stats": {
    "suites": 1,
    "tests": 2,
    "passes": 2,
    "pending": 0,
    "failures": 0,
    "start": "2026-06-30T14:48:59.500Z",
    "end": "2026-06-30T14:49:05.973Z",
    "duration": 6473,
    "testsRegistered": 2,
    "passPercent": 100,
    "pendingPercent": 0,
    "other": 0,
    "hasOther": false,
    "skipped": 0,
    "hasSkipped": false
  },
  "results": [
    {
      "uuid": "cbd3e957-b7b4-4c6b-a455-d3d525b879e5",
      "title": "",
      "fullFile": "C:\\.KULIAH\\BOOTCAMP QA\\HOMEWORK\\bootcampqabatch16\\tugasQaSaucedemo\\tests\\test-saucedemo.js",
      "file": "\\tests\\test-saucedemo.js",
      "beforeHooks": [],
      "afterHooks": [],
      "tests": [],
      "suites": [
        {
          "uuid": "170f32c3-1b46-4386-b437-22d446288114",
          "title": "SauceDemo Test",
          "fullFile": "C:\\.KULIAH\\BOOTCAMP QA\\HOMEWORK\\bootcampqabatch16\\tugasQaSaucedemo\\tests\\test-saucedemo.js",
          "file": "\\tests\\test-saucedemo.js",
          "beforeHooks": [
            {
              "title": "\"before all\" hook in \"SauceDemo Test\"",
              "fullTitle": "SauceDemo Test \"before all\" hook in \"SauceDemo Test\"",
              "timedOut": false,
              "duration": 4098,
              "state": null,
              "speed": null,
              "pass": false,
              "fail": false,
              "pending": false,
              "context": null,
              "code": "driver = await new Builder().forBrowser(\"chrome\").build();\nconsole.log(\"Browser berhasil dibuka\");",
              "err": {},
              "uuid": "d949a379-36ae-44bf-8051-cda122c31ee2",
              "parentUUID": "170f32c3-1b46-4386-b437-22d446288114",
              "isHook": true,
              "skipped": false
            },
            {
              "title": "\"before each\" hook in \"SauceDemo Test\"",
              "fullTitle": "SauceDemo Test \"before each\" hook in \"SauceDemo Test\"",
              "timedOut": false,
              "duration": 0,
              "state": null,
              "speed": null,
              "pass": false,
              "fail": false,
              "pending": false,
              "context": null,
              "code": "console.log(\"Memulai test case: \" + this.currentTest.title);",
              "err": {},
              "uuid": "87762b6e-4766-43de-b9d7-c362f046b935",
              "parentUUID": "170f32c3-1b46-4386-b437-22d446288114",
              "isHook": true,
              "skipped": false
            }
          ],
          "afterHooks": [
            {
              "title": "\"after all\" hook in \"SauceDemo Test\"",
              "fullTitle": "SauceDemo Test \"after all\" hook in \"SauceDemo Test\"",
              "timedOut": false,
              "duration": 65,
              "state": null,
              "speed": null,
              "pass": false,
              "fail": false,
              "pending": false,
              "context": null,
              "code": "await driver.quit();\nconsole.log(\"Browser berhasil ditutup\");",
              "err": {},
              "uuid": "aaa578ec-b2c1-4d70-9aa7-379f30737863",
              "parentUUID": "170f32c3-1b46-4386-b437-22d446288114",
              "isHook": true,
              "skipped": false
            },
            {
              "title": "\"after each\" hook in \"SauceDemo Test\"",
              "fullTitle": "SauceDemo Test \"after each\" hook in \"SauceDemo Test\"",
              "timedOut": false,
              "duration": 1,
              "state": null,
              "speed": null,
              "pass": false,
              "fail": false,
              "pending": false,
              "context": null,
              "code": "console.log(\"Selesai test case: \" + this.currentTest.title);",
              "err": {},
              "uuid": "1dfc7b0e-73c9-4089-8b49-1f4a5584dacd",
              "parentUUID": "170f32c3-1b46-4386-b437-22d446288114",
              "isHook": true,
              "skipped": false
            }
          ],
          "tests": [
            {
              "title": "Sukses Login dengan kredensial yang valid",
              "fullTitle": "SauceDemo Test Sukses Login dengan kredensial yang valid",
              "timedOut": false,
              "duration": 1169,
              "state": "passed",
              "speed": "slow",
              "pass": true,
              "fail": false,
              "pending": false,
              "context": null,
              "code": "await driver.get(\"https://www.saucedemo.com\");\nlet inputUsername = await driver.findElement(\n  By.css('[data-test=\"username\"]'),\n);\nlet inputPassword = await driver.findElement(\n  By.xpath('//*[@data-test=\"password\"]'),\n);\nlet buttonLogin = await driver.findElement(\n  By.className(\"submit-button btn_action\"),\n);\nawait inputUsername.sendKeys(\"standard_user\");\nawait inputPassword.sendKeys(\"secret_sauce\");\nawait buttonLogin.click();\nawait driver.wait(until.elementLocated(By.css(\".inventory_list\")), 10000);\nlet title = await driver.getTitle();\nassert.strictEqual(title, \"Swag Labs\");\nlet inventoryList = await driver.findElement(By.css(\".inventory_list\"));\nawait inventoryList.isDisplayed();",
              "err": {},
              "uuid": "6c73f29c-f786-43ee-9ae6-6c38ef118114",
              "parentUUID": "170f32c3-1b46-4386-b437-22d446288114",
              "isHook": false,
              "skipped": false
            },
            {
              "title": "Urutkan produk dari A sampai Z",
              "fullTitle": "SauceDemo Test Urutkan produk dari A sampai Z",
              "timedOut": false,
              "duration": 1129,
              "state": "passed",
              "speed": "slow",
              "pass": true,
              "fail": false,
              "pending": false,
              "context": null,
              "code": "let dropdownSort = await driver.findElement(\n  By.css('[data-test=\"product-sort-container\"]'),\n);\nawait dropdownSort.click();\nlet optionAZ = await driver.findElement(\n  By.css('[data-test=\"product-sort-container\"] option[value=\"az\"]'),\n);\nawait optionAZ.click();\nawait driver.sleep(1000);\nlet firstProductName = await driver.findElement(\n  By.css('[data-test=\"inventory-item-name\"]'),\n);\nlet namaProduct = await firstProductName.getText();\nassert.strictEqual(namaProduct, \"Sauce Labs Backpack\");\nawait firstProductName.isDisplayed();",
              "err": {},
              "uuid": "762f71c5-f878-40db-99b5-1331ad56b6c5",
              "parentUUID": "170f32c3-1b46-4386-b437-22d446288114",
              "isHook": false,
              "skipped": false
            }
          ],
          "suites": [],
          "passes": [
            "6c73f29c-f786-43ee-9ae6-6c38ef118114",
            "762f71c5-f878-40db-99b5-1331ad56b6c5"
          ],
          "failures": [],
          "pending": [],
          "skipped": [],
          "duration": 2298,
          "root": false,
          "rootEmpty": false,
          "_timeout": 60000
        }
      ],
      "passes": [],
      "failures": [],
      "pending": [],
      "skipped": [],
      "duration": 0,
      "root": true,
      "rootEmpty": true,
      "_timeout": 60000
    }
  ],
  "meta": {
    "mocha": {
      "version": "10.8.2"
    },
    "mochawesome": {
      "options": {
        "quiet": false,
        "reportFilename": "mochawesome",
        "saveHtml": true,
        "saveJson": true,
        "consoleReporter": "spec",
        "useInlineDiffs": false,
        "code": true
      },
      "version": "7.1.4"
    },
    "marge": {
      "options": null,
      "version": "6.3.2"
    }
  }
}